{"/Users/beatrizrecari/boca-code/nodejs-testing/index.js": {"path":"/Users/beatrizrecari/boca-code/nodejs-testing/index.js","statementMap":{"0":{"start":{"line":2,"column":2},"end":{"line":2,"column":49}},"1":{"start":{"line":6,"column":2},"end":{"line":6,"column":48}}},"fnMap":{"0":{"name":"calculateSalesTax","decl":{"start":{"line":1,"column":16},"end":{"line":1,"column":33}},"loc":{"start":{"line":1,"column":53},"end":{"line":3,"column":1}},"line":1},"1":{"name":"factorial","decl":{"start":{"line":5,"column":16},"end":{"line":5,"column":25}},"loc":{"start":{"line":5,"column":31},"end":{"line":7,"column":1}},"line":5}},"branchMap":{"0":{"loc":{"start":{"line":6,"column":9},"end":{"line":6,"column":47}},"type":"cond-expr","locations":[{"start":{"line":6,"column":19},"end":{"line":6,"column":20}},{"start":{"line":6,"column":23},"end":{"line":6,"column":47}}],"line":6}},"s":{"0":2,"1":14},"f":{"0":2,"1":14},"b":{"0":[3,11]},"_coverageSchema":"1a1c01bbd47fc00a2c39e90264f33305004495a9","hash":"5fb2d2ce5bb2f9e964ff7e84398dc70fb8b0ee3e"}
,"/Users/beatrizrecari/boca-code/nodejs-testing/src/utils.js": {"path":"/Users/beatrizrecari/boca-code/nodejs-testing/src/utils.js","statementMap":{"0":{"start":{"line":2,"column":2},"end":{"line":2,"column":25}}},"fnMap":{"0":{"name":"sayHello","decl":{"start":{"line":1,"column":16},"end":{"line":1,"column":24}},"loc":{"start":{"line":1,"column":31},"end":{"line":3,"column":1}},"line":1}},"branchMap":{},"s":{"0":3},"f":{"0":3},"b":{},"_coverageSchema":"1a1c01bbd47fc00a2c39e90264f33305004495a9","hash":"2cf4b050bcb3c59ad06581185a7b696b7b8d38eb"}
}
